<?xml version="1.0" encoding="UTF-8"?>
<!-- Generated by org.testng.reporters.JUnitReportReporter -->
<testsuite hostname="Admin" failures="0" tests="3" name="Search.TestSearch" time="4.813" errors="0" timestamp="2021-10-29T12:19:50 ICT" skipped="0">
  <testcase classname="Search.TestSearch" name="searchByClientID" time="4.494"/>
  <system-out/>
  <testcase classname="Search.TestSearch" name="searchByInvoice" time="0.155"/>
  <system-out/>
  <testcase classname="Search.TestSearch" name="searchBySupplierID" time="0.164"/>
  <system-out/>
</testsuite> <!-- Search.TestSearch -->
