<?xml version="1.0" encoding="UTF-8"?>
<!-- Generated by org.testng.reporters.JUnitReportReporter -->
<testsuite hostname="Admin" failures="0" tests="5" name="ClientRegistration.Form1" time="13.615" errors="0" timestamp="2021-10-30T12:26:28 ICT" skipped="0">
  <testcase classname="ClientRegistration.Form1" name="testForm1" time="5.746"/>
  <system-out/>
  <testcase classname="ClientRegistration.Form1" name="testForm1" time="1.963"/>
  <system-out/>
  <testcase classname="ClientRegistration.Form1" name="testForm1" time="1.806"/>
  <system-out/>
  <testcase classname="ClientRegistration.Form1" name="testForm1" time="2.117"/>
  <system-out/>
  <testcase classname="ClientRegistration.Form1" name="testForm1" time="1.983"/>
  <system-out/>
</testsuite> <!-- ClientRegistration.Form1 -->
