<?xml version="1.0" encoding="UTF-8"?>
<!-- Generated by org.testng.reporters.JUnitReportReporter -->
<testsuite hostname="Admin" failures="0" tests="5" name="SupplierRegistration.UserDetails" time="14.630" errors="0" timestamp="2021-10-29T09:11:07 ICT" skipped="0">
  <testcase classname="SupplierRegistration.UserDetails" name="testUserDetails" time="1.928"/>
  <system-out/>
  <testcase classname="SupplierRegistration.UserDetails" name="testUserDetails" time="7.079"/>
  <system-out/>
  <testcase classname="SupplierRegistration.UserDetails" name="testUserDetails" time="1.819"/>
  <system-out/>
  <testcase classname="SupplierRegistration.UserDetails" name="testUserDetails" time="1.887"/>
  <system-out/>
  <testcase classname="SupplierRegistration.UserDetails" name="testUserDetails" time="1.917"/>
  <system-out/>
</testsuite> <!-- SupplierRegistration.UserDetails -->
