<?xml version="1.0" encoding="UTF-8"?>
<!-- Generated by org.testng.reporters.JUnitReportReporter -->
<testsuite hostname="Admin" failures="0" tests="5" name="ClientRegistration.Form1" time="11.900" errors="0" timestamp="2021-10-29T12:19:50 ICT" skipped="0">
  <testcase classname="ClientRegistration.Form1" name="testForm1" time="4.886"/>
  <system-out/>
  <testcase classname="ClientRegistration.Form1" name="testForm1" time="1.814"/>
  <system-out/>
  <testcase classname="ClientRegistration.Form1" name="testForm1" time="1.787"/>
  <system-out/>
  <testcase classname="ClientRegistration.Form1" name="testForm1" time="1.694"/>
  <system-out/>
  <testcase classname="ClientRegistration.Form1" name="testForm1" time="1.719"/>
  <system-out/>
</testsuite> <!-- ClientRegistration.Form1 -->
