<?xml version="1.0" encoding="UTF-8"?>
<!-- Generated by org.testng.reporters.JUnitReportReporter -->
<testsuite hostname="Admin" failures="0" tests="6" name="SupplierRegistration.TestPersonalDetails" time="19.569" errors="0" timestamp="2021-10-29T12:19:50 ICT" skipped="0">
  <testcase classname="SupplierRegistration.TestPersonalDetails" name="PersonalDetails" time="2.758"/>
  <system-out/>
  <testcase classname="SupplierRegistration.TestPersonalDetails" name="PersonalDetails" time="2.612"/>
  <system-out/>
  <testcase classname="SupplierRegistration.TestPersonalDetails" name="PersonalDetails" time="2.663"/>
  <system-out/>
  <testcase classname="SupplierRegistration.TestPersonalDetails" name="PersonalDetails" time="6.460"/>
  <system-out/>
  <testcase classname="SupplierRegistration.TestPersonalDetails" name="PersonalDetails" time="2.457"/>
  <system-out/>
  <testcase classname="SupplierRegistration.TestPersonalDetails" name="PersonalDetails" time="2.619"/>
  <system-out/>
</testsuite> <!-- SupplierRegistration.TestPersonalDetails -->
