<?xml version="1.0" encoding="UTF-8"?>
<!-- Generated by org.testng.reporters.JUnitReportReporter -->
<testsuite hostname="Admin" failures="0" tests="6" name="ClientRegistration.Form2" time="17.183" errors="0" timestamp="2021-10-30T12:27:52 ICT" skipped="0">
  <testcase classname="ClientRegistration.Form2" name="testForm2" time="1.919"/>
  <system-out/>
  <testcase classname="ClientRegistration.Form2" name="testForm2" time="2.520"/>
  <system-out/>
  <testcase classname="ClientRegistration.Form2" name="testForm2" time="2.038"/>
  <system-out/>
  <testcase classname="ClientRegistration.Form2" name="testForm2" time="2.198"/>
  <system-out/>
  <testcase classname="ClientRegistration.Form2" name="testForm2" time="2.199"/>
  <system-out/>
  <testcase classname="ClientRegistration.Form2" name="testForm2" time="6.309"/>
  <system-out/>
</testsuite> <!-- ClientRegistration.Form2 -->
