<?xml version="1.0" encoding="UTF-8"?>
<!-- Generated by org.testng.reporters.JUnitReportReporter -->
<testsuite hostname="Admin" failures="0" tests="5" name="SupplierRegistration.TestUserDetails" time="14.595" errors="0" timestamp="2021-10-30T12:01:22 ICT" skipped="0">
  <testcase classname="SupplierRegistration.TestUserDetails" name="UserDetails" time="2.298"/>
  <system-out/>
  <testcase classname="SupplierRegistration.TestUserDetails" name="UserDetails" time="2.299"/>
  <system-out/>
  <testcase classname="SupplierRegistration.TestUserDetails" name="UserDetails" time="6.319"/>
  <system-out/>
  <testcase classname="SupplierRegistration.TestUserDetails" name="UserDetails" time="1.780"/>
  <system-out/>
  <testcase classname="SupplierRegistration.TestUserDetails" name="UserDetails" time="1.899"/>
  <system-out/>
</testsuite> <!-- SupplierRegistration.TestUserDetails -->
