<?xml version="1.0" encoding="UTF-8"?>
<!-- Generated by org.testng.reporters.JUnitReportReporter -->
<testsuite hostname="Admin" failures="0" tests="6" name="SupplierRegistration.TestPersonalDetails" time="44.392" errors="0" timestamp="2021-10-30T12:01:22 ICT" skipped="0">
  <testcase classname="SupplierRegistration.TestPersonalDetails" name="PersonalDetails" time="7.725"/>
  <system-out/>
  <testcase classname="SupplierRegistration.TestPersonalDetails" name="PersonalDetails" time="5.464"/>
  <system-out/>
  <testcase classname="SupplierRegistration.TestPersonalDetails" name="PersonalDetails" time="3.533"/>
  <system-out/>
  <testcase classname="SupplierRegistration.TestPersonalDetails" name="PersonalDetails" time="14.042"/>
  <system-out/>
  <testcase classname="SupplierRegistration.TestPersonalDetails" name="PersonalDetails" time="5.726"/>
  <system-out/>
  <testcase classname="SupplierRegistration.TestPersonalDetails" name="PersonalDetails" time="7.902"/>
  <system-out/>
</testsuite> <!-- SupplierRegistration.TestPersonalDetails -->
