<?xml version="1.0" encoding="UTF-8"?>
<!-- Generated by org.testng.reporters.JUnitReportReporter -->
<testsuite hostname="Admin" failures="0" tests="5" name="SupplierRegistration.TestUserDetails" time="7.122" errors="0" timestamp="2021-10-29T12:19:50 ICT" skipped="0">
  <testcase classname="SupplierRegistration.TestUserDetails" name="UserDetails" time="0.576"/>
  <system-out/>
  <testcase classname="SupplierRegistration.TestUserDetails" name="UserDetails" time="0.690"/>
  <system-out/>
  <testcase classname="SupplierRegistration.TestUserDetails" name="UserDetails" time="0.602"/>
  <system-out/>
  <testcase classname="SupplierRegistration.TestUserDetails" name="UserDetails" time="4.720"/>
  <system-out/>
  <testcase classname="SupplierRegistration.TestUserDetails" name="UserDetails" time="0.534"/>
  <system-out/>
</testsuite> <!-- SupplierRegistration.TestUserDetails -->
