<?xml version="1.0" encoding="UTF-8"?>
<!-- Generated by org.testng.reporters.JUnitReportReporter -->
<testsuite hostname="Admin" failures="0" tests="6" name="ClientRegistration.Form2" time="15.712" errors="0" timestamp="2021-10-29T12:19:50 ICT" skipped="0">
  <testcase classname="ClientRegistration.Form2" name="testForm2" time="1.942"/>
  <system-out/>
  <testcase classname="ClientRegistration.Form2" name="testForm2" time="5.859"/>
  <system-out/>
  <testcase classname="ClientRegistration.Form2" name="testForm2" time="2.080"/>
  <system-out/>
  <testcase classname="ClientRegistration.Form2" name="testForm2" time="1.865"/>
  <system-out/>
  <testcase classname="ClientRegistration.Form2" name="testForm2" time="1.943"/>
  <system-out/>
  <testcase classname="ClientRegistration.Form2" name="testForm2" time="2.023"/>
  <system-out/>
</testsuite> <!-- ClientRegistration.Form2 -->
