<?xml version="1.0" encoding="UTF-8"?>
<!-- Generated by org.testng.reporters.JUnitReportReporter -->
<testsuite hostname="Admin" failures="0" tests="4" name="SupplierRegistration.PersonalDetails" time="18.038" errors="0" timestamp="2021-10-29T09:11:07 ICT" skipped="0">
  <testcase classname="SupplierRegistration.PersonalDetails" name="testPersonalDetails" time="3.025"/>
  <system-out/>
  <testcase classname="SupplierRegistration.PersonalDetails" name="testPersonalDetails" time="3.223"/>
  <system-out/>
  <testcase classname="SupplierRegistration.PersonalDetails" name="testPersonalDetails" time="3.374"/>
  <system-out/>
  <testcase classname="SupplierRegistration.PersonalDetails" name="testPersonalDetails" time="8.416"/>
  <system-out/>
</testsuite> <!-- SupplierRegistration.PersonalDetails -->
