<?xml version="1.0" encoding="UTF-8"?>
<!-- Generated by org.testng.reporters.JUnitReportReporter -->
<testsuite hostname="Admin" failures="0" tests="1" name="ExtentReport.Demo" time="3.747" errors="0" timestamp="2021-10-17T12:22:44 ICT" skipped="0">
  <testcase classname="ExtentReport.Demo" name="extentReportsDemo" time="3.747"/>
  <system-out/>
</testsuite> <!-- ExtentReport.Demo -->
